[debug] [2025-05-28T00:07:06.579Z] ----------------------------------------------------------------------
[debug] [2025-05-28T00:07:06.582Z] Command:       C:\Program Files\nodejs\node.exe C:\Users\ASUS ROG STRRIX 17\AppData\Roaming\npm\node_modules\firebase-tools\lib\bin\firebase.js init functions
[debug] [2025-05-28T00:07:06.582Z] CLI Version:   14.4.0
[debug] [2025-05-28T00:07:06.582Z] Platform:      win32
[debug] [2025-05-28T00:07:06.582Z] Node Version:  v22.12.0
[debug] [2025-05-28T00:07:06.582Z] Time:          Tue May 27 2025 20:07:06 GMT-0400 (Bolivia Time)
[debug] [2025-05-28T00:07:06.582Z] ----------------------------------------------------------------------
[debug] 
[debug] [2025-05-28T00:07:06.584Z] >>> [apiv2][query] GET https://firebase-public.firebaseio.com/cli.json [none]
[debug] [2025-05-28T00:07:06.620Z] > command requires scopes: ["email","openid","https://www.googleapis.com/auth/cloudplatformprojects.readonly","https://www.googleapis.com/auth/firebase","https://www.googleapis.com/auth/cloud-platform"]
[debug] [2025-05-28T00:07:06.621Z] > authorizing via signed-in user (gsaldana709@gmail.com)
[info] 
     ######## #### ########  ######## ########     ###     ######  ########
     ##        ##  ##     ## ##       ##     ##  ##   ##  ##       ##
     ######    ##  ########  ######   ########  #########  ######  ######
     ##        ##  ##    ##  ##       ##     ## ##     ##       ## ##
     ##       #### ##     ## ######## ########  ##     ##  ######  ########

You're about to initialize a Firebase project in this directory:

  C:\Users\ASUS ROG STRRIX 17\OneDrive\Escritorio\Sitemas\sistema-med

[debug] [2025-05-28T00:07:07.858Z] <<< [apiv2][status] GET https://firebase-public.firebaseio.com/cli.json 200
[debug] [2025-05-28T00:07:07.858Z] <<< [apiv2][body] GET https://firebase-public.firebaseio.com/cli.json {"cloudBuildErrorAfter":1594252800000,"cloudBuildWarnAfter":1590019200000,"defaultNode10After":1594252800000,"minVersion":"3.0.5","node8DeploysDisabledAfter":1613390400000,"node8RuntimeDisabledAfter":1615809600000,"node8WarnAfter":1600128000000}
[info] 
=== Project Setup
[info] 
[info] First, let's associate this project directory with a Firebase project.
[info] You can create multiple project aliases by running firebase use --add, 
[info] but for now we'll just set up a default project.
[info] 
[debug] [2025-05-28T00:07:57.745Z] Checked if tokens are valid: false, expires at: 1734963029395
[debug] [2025-05-28T00:07:57.746Z] Checked if tokens are valid: false, expires at: 1734963029395
[debug] [2025-05-28T00:07:57.746Z] > refreshing access token with scopes: []
[debug] [2025-05-28T00:07:57.747Z] >>> [apiv2][query] POST https://www.googleapis.com/oauth2/v3/token [none]
[debug] [2025-05-28T00:07:57.747Z] >>> [apiv2][body] POST https://www.googleapis.com/oauth2/v3/token [omitted]
[debug] [2025-05-28T00:07:58.951Z] <<< [apiv2][status] POST https://www.googleapis.com/oauth2/v3/token 200
[debug] [2025-05-28T00:07:58.951Z] <<< [apiv2][body] POST https://www.googleapis.com/oauth2/v3/token [omitted]
[debug] [2025-05-28T00:07:58.961Z] >>> [apiv2][query] GET https://firebase.googleapis.com/v1beta1/projects pageSize=100
[debug] [2025-05-28T00:08:00.233Z] <<< [apiv2][status] GET https://firebase.googleapis.com/v1beta1/projects 200
[debug] [2025-05-28T00:08:00.233Z] <<< [apiv2][body] GET https://firebase.googleapis.com/v1beta1/projects [omitted]
